2015-05-05 13:59:31,099 [Worker-2] INFO  o.e.m.c.i.l.LifecycleMappingFactory - Using org.eclipse.m2e.jdt.JarLifecycleMapping lifecycle mapping for MavenProject: Example-report:JUnit_example:0.0.1-SNAPSHOT @ D:\GIT\Appium\JUnit_example\pom.xml.
2015-05-05 13:59:31,954 [Worker-2] INFO  o.e.m.c.i.embedder.EclipseLogger - Using 'UTF-8' encoding to copy filtered resources.
2015-05-05 13:59:31,954 [Worker-2] INFO  o.e.m.c.i.embedder.EclipseLogger - skip non existing resourceDirectory D:\GIT\Appium\JUnit_example\src\main\resources
2015-05-05 13:59:31,955 [Worker-2] INFO  o.e.m.c.i.embedder.EclipseLogger - Using 'UTF-8' encoding to copy filtered resources.
2015-05-05 13:59:31,955 [Worker-2] INFO  o.e.m.c.i.embedder.EclipseLogger - skip non existing resourceDirectory D:\GIT\Appium\JUnit_example\src\test\resources
2015-05-05 13:59:32,731 [Worker-5] INFO  o.e.m.c.i.l.LifecycleMappingFactory - Using org.eclipse.m2e.jdt.JarLifecycleMapping lifecycle mapping for MavenProject: Example-report:JUnit_example:0.0.1-SNAPSHOT @ D:\GIT\Appium\JUnit_example\pom.xml.
2015-05-05 13:59:33,726 [Worker-1] INFO  o.e.m.c.i.embedder.EclipseLogger - Using 'UTF-8' encoding to copy filtered resources.
2015-05-05 13:59:33,727 [Worker-1] INFO  o.e.m.c.i.embedder.EclipseLogger - skip non existing resourceDirectory D:\GIT\Appium\JUnit_example\src\main\resources
2015-05-05 13:59:33,727 [Worker-1] INFO  o.e.m.c.i.embedder.EclipseLogger - Using 'UTF-8' encoding to copy filtered resources.
2015-05-05 13:59:33,728 [Worker-1] INFO  o.e.m.c.i.embedder.EclipseLogger - skip non existing resourceDirectory D:\GIT\Appium\JUnit_example\src\test\resources
2015-05-05 14:11:33,875 [Worker-5] INFO  o.e.m.c.i.embedder.EclipseLogger - Using 'UTF-8' encoding to copy filtered resources.
2015-05-05 14:11:33,877 [Worker-5] INFO  o.e.m.c.i.embedder.EclipseLogger - skip non existing resourceDirectory D:\GIT\Appium\JUnit_example\src\main\resources
2015-05-05 14:11:33,879 [Worker-5] INFO  o.e.m.c.i.embedder.EclipseLogger - Using 'UTF-8' encoding to copy filtered resources.
2015-05-05 14:11:33,879 [Worker-5] INFO  o.e.m.c.i.embedder.EclipseLogger - skip non existing resourceDirectory D:\GIT\Appium\JUnit_example\src\test\resources
2015-05-05 14:12:48,129 [Worker-4] INFO  o.e.m.c.i.embedder.EclipseLogger - Using 'UTF-8' encoding to copy filtered resources.
2015-05-05 14:12:48,130 [Worker-4] INFO  o.e.m.c.i.embedder.EclipseLogger - skip non existing resourceDirectory D:\GIT\Appium\JUnit_example\src\main\resources
2015-05-05 14:12:48,131 [Worker-4] INFO  o.e.m.c.i.embedder.EclipseLogger - Using 'UTF-8' encoding to copy filtered resources.
2015-05-05 14:12:48,131 [Worker-4] INFO  o.e.m.c.i.embedder.EclipseLogger - skip non existing resourceDirectory D:\GIT\Appium\JUnit_example\src\test\resources
2015-05-05 14:12:49,156 [Worker-5] INFO  o.e.m.c.i.embedder.EclipseLogger - Using 'UTF-8' encoding to copy filtered resources.
2015-05-05 14:12:49,157 [Worker-5] INFO  o.e.m.c.i.embedder.EclipseLogger - skip non existing resourceDirectory D:\GIT\Appium\JUnit_example\src\main\resources
2015-05-05 14:12:49,160 [Worker-5] INFO  o.e.m.c.i.embedder.EclipseLogger - Using 'UTF-8' encoding to copy filtered resources.
2015-05-05 14:12:49,160 [Worker-5] INFO  o.e.m.c.i.embedder.EclipseLogger - skip non existing resourceDirectory D:\GIT\Appium\JUnit_example\src\test\resources
2015-05-05 15:37:17,090 [Worker-4] INFO  o.e.m.c.i.embedder.EclipseLogger - Using 'UTF-8' encoding to copy filtered resources.
2015-05-05 15:37:17,093 [Worker-4] INFO  o.e.m.c.i.embedder.EclipseLogger - skip non existing resourceDirectory D:\GIT\Appium\JUnit_example\src\main\resources
2015-05-05 15:37:17,094 [Worker-4] INFO  o.e.m.c.i.embedder.EclipseLogger - Using 'UTF-8' encoding to copy filtered resources.
2015-05-05 15:37:17,095 [Worker-4] INFO  o.e.m.c.i.embedder.EclipseLogger - skip non existing resourceDirectory D:\GIT\Appium\JUnit_example\src\test\resources
2015-05-05 15:40:14,803 [Worker-6] INFO  o.e.m.c.i.embedder.EclipseLogger - Using 'UTF-8' encoding to copy filtered resources.
2015-05-05 15:40:14,818 [Worker-6] INFO  o.e.m.c.i.embedder.EclipseLogger - skip non existing resourceDirectory D:\GIT\Appium\JUnit_example\src\main\resources
2015-05-05 15:40:14,818 [Worker-6] INFO  o.e.m.c.i.embedder.EclipseLogger - Using 'UTF-8' encoding to copy filtered resources.
2015-05-05 15:40:14,818 [Worker-6] INFO  o.e.m.c.i.embedder.EclipseLogger - skip non existing resourceDirectory D:\GIT\Appium\JUnit_example\src\test\resources
2015-05-05 15:45:54,320 [Worker-8] INFO  o.e.m.c.i.embedder.EclipseLogger - Using 'UTF-8' encoding to copy filtered resources.
2015-05-05 15:45:54,320 [Worker-8] INFO  o.e.m.c.i.embedder.EclipseLogger - skip non existing resourceDirectory D:\GIT\Appium\JUnit_example\src\main\resources
2015-05-05 15:45:54,322 [Worker-8] INFO  o.e.m.c.i.embedder.EclipseLogger - Using 'UTF-8' encoding to copy filtered resources.
2015-05-05 15:45:54,322 [Worker-8] INFO  o.e.m.c.i.embedder.EclipseLogger - skip non existing resourceDirectory D:\GIT\Appium\JUnit_example\src\test\resources
2015-05-05 15:46:13,875 [Worker-6] INFO  o.e.m.c.i.embedder.EclipseLogger - Using 'UTF-8' encoding to copy filtered resources.
2015-05-05 15:46:13,875 [Worker-6] INFO  o.e.m.c.i.embedder.EclipseLogger - skip non existing resourceDirectory D:\GIT\Appium\JUnit_example\src\main\resources
2015-05-05 15:46:13,876 [Worker-6] INFO  o.e.m.c.i.embedder.EclipseLogger - Using 'UTF-8' encoding to copy filtered resources.
2015-05-05 15:46:13,876 [Worker-6] INFO  o.e.m.c.i.embedder.EclipseLogger - skip non existing resourceDirectory D:\GIT\Appium\JUnit_example\src\test\resources
2015-05-05 15:46:35,770 [Worker-5] INFO  o.e.m.c.i.embedder.EclipseLogger - Using 'UTF-8' encoding to copy filtered resources.
2015-05-05 15:46:35,770 [Worker-5] INFO  o.e.m.c.i.embedder.EclipseLogger - skip non existing resourceDirectory D:\GIT\Appium\JUnit_example\src\main\resources
2015-05-05 15:46:35,771 [Worker-5] INFO  o.e.m.c.i.embedder.EclipseLogger - Using 'UTF-8' encoding to copy filtered resources.
2015-05-05 15:46:35,771 [Worker-5] INFO  o.e.m.c.i.embedder.EclipseLogger - skip non existing resourceDirectory D:\GIT\Appium\JUnit_example\src\test\resources
2015-05-06 09:51:29,987 [Worker-4] INFO  o.e.m.c.i.embedder.EclipseLogger - Using 'UTF-8' encoding to copy filtered resources.
2015-05-06 09:51:29,987 [Worker-4] INFO  o.e.m.c.i.embedder.EclipseLogger - skip non existing resourceDirectory D:\GIT\Appium\JUnit_example\src\main\resources
2015-05-06 09:51:30,002 [Worker-4] INFO  o.e.m.c.i.embedder.EclipseLogger - Using 'UTF-8' encoding to copy filtered resources.
2015-05-06 09:51:30,002 [Worker-4] INFO  o.e.m.c.i.embedder.EclipseLogger - skip non existing resourceDirectory D:\GIT\Appium\JUnit_example\src\test\resources
2015-05-06 09:52:31,627 [Worker-8] INFO  o.e.m.c.i.embedder.EclipseLogger - Using 'UTF-8' encoding to copy filtered resources.
2015-05-06 09:52:31,627 [Worker-8] INFO  o.e.m.c.i.embedder.EclipseLogger - skip non existing resourceDirectory D:\GIT\Appium\JUnit_example\src\main\resources
2015-05-06 09:52:31,627 [Worker-8] INFO  o.e.m.c.i.embedder.EclipseLogger - Using 'UTF-8' encoding to copy filtered resources.
2015-05-06 09:52:31,627 [Worker-8] INFO  o.e.m.c.i.embedder.EclipseLogger - skip non existing resourceDirectory D:\GIT\Appium\JUnit_example\src\test\resources
2015-05-06 09:54:18,952 [Worker-3] INFO  o.e.m.c.i.embedder.EclipseLogger - Using 'UTF-8' encoding to copy filtered resources.
2015-05-06 09:54:18,952 [Worker-3] INFO  o.e.m.c.i.embedder.EclipseLogger - skip non existing resourceDirectory D:\GIT\Appium\JUnit_example\src\main\resources
2015-05-06 09:54:18,952 [Worker-3] INFO  o.e.m.c.i.embedder.EclipseLogger - Using 'UTF-8' encoding to copy filtered resources.
2015-05-06 09:54:18,952 [Worker-3] INFO  o.e.m.c.i.embedder.EclipseLogger - skip non existing resourceDirectory D:\GIT\Appium\JUnit_example\src\test\resources
2015-05-06 09:54:47,458 [Worker-0] INFO  o.e.m.c.i.embedder.EclipseLogger - Using 'UTF-8' encoding to copy filtered resources.
2015-05-06 09:54:47,458 [Worker-0] INFO  o.e.m.c.i.embedder.EclipseLogger - skip non existing resourceDirectory D:\GIT\Appium\JUnit_example\src\main\resources
2015-05-06 09:54:47,458 [Worker-0] INFO  o.e.m.c.i.embedder.EclipseLogger - Using 'UTF-8' encoding to copy filtered resources.
2015-05-06 09:54:47,458 [Worker-0] INFO  o.e.m.c.i.embedder.EclipseLogger - skip non existing resourceDirectory D:\GIT\Appium\JUnit_example\src\test\resources
2015-05-06 12:08:53,551 [Worker-9] INFO  o.e.m.c.i.embedder.EclipseLogger - Using 'UTF-8' encoding to copy filtered resources.
2015-05-06 12:08:53,551 [Worker-9] INFO  o.e.m.c.i.embedder.EclipseLogger - skip non existing resourceDirectory D:\GIT\Appium\JUnit_example\src\main\resources
2015-05-06 12:08:53,551 [Worker-9] INFO  o.e.m.c.i.embedder.EclipseLogger - Using 'UTF-8' encoding to copy filtered resources.
2015-05-06 12:08:53,551 [Worker-9] INFO  o.e.m.c.i.embedder.EclipseLogger - skip non existing resourceDirectory D:\GIT\Appium\JUnit_example\src\test\resources
2015-05-06 12:09:04,615 [Worker-0] INFO  o.e.m.c.i.embedder.EclipseLogger - Using 'UTF-8' encoding to copy filtered resources.
2015-05-06 12:09:04,615 [Worker-0] INFO  o.e.m.c.i.embedder.EclipseLogger - skip non existing resourceDirectory D:\GIT\Appium\JUnit_example\src\main\resources
2015-05-06 12:09:04,631 [Worker-0] INFO  o.e.m.c.i.embedder.EclipseLogger - Using 'UTF-8' encoding to copy filtered resources.
2015-05-06 12:09:04,631 [Worker-0] INFO  o.e.m.c.i.embedder.EclipseLogger - skip non existing resourceDirectory D:\GIT\Appium\JUnit_example\src\test\resources
2015-05-06 12:11:19,809 [Worker-17] INFO  o.e.m.c.i.embedder.EclipseLogger - Using 'UTF-8' encoding to copy filtered resources.
2015-05-06 12:11:19,809 [Worker-17] INFO  o.e.m.c.i.embedder.EclipseLogger - skip non existing resourceDirectory D:\GIT\Appium\JUnit_example\src\main\resources
2015-05-06 12:11:19,809 [Worker-17] INFO  o.e.m.c.i.embedder.EclipseLogger - Using 'UTF-8' encoding to copy filtered resources.
2015-05-06 12:11:19,809 [Worker-17] INFO  o.e.m.c.i.embedder.EclipseLogger - skip non existing resourceDirectory D:\GIT\Appium\JUnit_example\src\test\resources
2015-05-06 12:43:03,835 [Worker-13] INFO  o.e.m.c.i.embedder.EclipseLogger - Using 'UTF-8' encoding to copy filtered resources.
2015-05-06 12:43:03,835 [Worker-13] INFO  o.e.m.c.i.embedder.EclipseLogger - skip non existing resourceDirectory D:\GIT\Appium\JUnit_example\src\main\resources
2015-05-06 12:43:03,835 [Worker-13] INFO  o.e.m.c.i.embedder.EclipseLogger - Using 'UTF-8' encoding to copy filtered resources.
2015-05-06 12:43:03,835 [Worker-13] INFO  o.e.m.c.i.embedder.EclipseLogger - skip non existing resourceDirectory D:\GIT\Appium\JUnit_example\src\test\resources
2015-05-06 12:49:44,149 [Worker-9] INFO  o.e.m.c.i.embedder.EclipseLogger - Using 'UTF-8' encoding to copy filtered resources.
2015-05-06 12:49:44,149 [Worker-9] INFO  o.e.m.c.i.embedder.EclipseLogger - skip non existing resourceDirectory D:\GIT\Appium\JUnit_example\src\main\resources
2015-05-06 12:49:44,150 [Worker-9] INFO  o.e.m.c.i.embedder.EclipseLogger - Using 'UTF-8' encoding to copy filtered resources.
2015-05-06 12:49:44,150 [Worker-9] INFO  o.e.m.c.i.embedder.EclipseLogger - skip non existing resourceDirectory D:\GIT\Appium\JUnit_example\src\test\resources
2015-05-06 12:55:49,496 [Worker-6] INFO  o.e.m.c.i.embedder.EclipseLogger - Using 'UTF-8' encoding to copy filtered resources.
2015-05-06 12:55:49,496 [Worker-6] INFO  o.e.m.c.i.embedder.EclipseLogger - skip non existing resourceDirectory D:\GIT\Appium\JUnit_example\src\main\resources
2015-05-06 12:55:49,497 [Worker-6] INFO  o.e.m.c.i.embedder.EclipseLogger - Using 'UTF-8' encoding to copy filtered resources.
2015-05-06 12:55:49,497 [Worker-6] INFO  o.e.m.c.i.embedder.EclipseLogger - skip non existing resourceDirectory D:\GIT\Appium\JUnit_example\src\test\resources
2015-05-06 12:56:11,738 [Worker-4] INFO  o.e.m.c.i.embedder.EclipseLogger - Using 'UTF-8' encoding to copy filtered resources.
2015-05-06 12:56:11,738 [Worker-4] INFO  o.e.m.c.i.embedder.EclipseLogger - skip non existing resourceDirectory D:\GIT\Appium\JUnit_example\src\main\resources
2015-05-06 12:56:11,739 [Worker-4] INFO  o.e.m.c.i.embedder.EclipseLogger - Using 'UTF-8' encoding to copy filtered resources.
2015-05-06 12:56:11,739 [Worker-4] INFO  o.e.m.c.i.embedder.EclipseLogger - skip non existing resourceDirectory D:\GIT\Appium\JUnit_example\src\test\resources
2015-05-06 12:58:07,200 [Worker-5] INFO  o.e.m.c.i.embedder.EclipseLogger - Using 'UTF-8' encoding to copy filtered resources.
2015-05-06 12:58:07,200 [Worker-5] INFO  o.e.m.c.i.embedder.EclipseLogger - skip non existing resourceDirectory D:\GIT\Appium\JUnit_example\src\main\resources
2015-05-06 12:58:07,201 [Worker-5] INFO  o.e.m.c.i.embedder.EclipseLogger - Using 'UTF-8' encoding to copy filtered resources.
2015-05-06 12:58:07,201 [Worker-5] INFO  o.e.m.c.i.embedder.EclipseLogger - skip non existing resourceDirectory D:\GIT\Appium\JUnit_example\src\test\resources
2015-05-06 12:58:23,881 [Worker-12] INFO  o.e.m.c.i.embedder.EclipseLogger - Using 'UTF-8' encoding to copy filtered resources.
2015-05-06 12:58:23,881 [Worker-12] INFO  o.e.m.c.i.embedder.EclipseLogger - skip non existing resourceDirectory D:\GIT\Appium\JUnit_example\src\main\resources
2015-05-06 12:58:23,882 [Worker-12] INFO  o.e.m.c.i.embedder.EclipseLogger - Using 'UTF-8' encoding to copy filtered resources.
2015-05-06 12:58:23,882 [Worker-12] INFO  o.e.m.c.i.embedder.EclipseLogger - skip non existing resourceDirectory D:\GIT\Appium\JUnit_example\src\test\resources
2015-05-06 12:59:42,234 [Worker-6] INFO  o.e.m.c.i.embedder.EclipseLogger - Using 'UTF-8' encoding to copy filtered resources.
2015-05-06 12:59:42,234 [Worker-6] INFO  o.e.m.c.i.embedder.EclipseLogger - skip non existing resourceDirectory D:\GIT\Appium\JUnit_example\src\main\resources
2015-05-06 12:59:42,234 [Worker-6] INFO  o.e.m.c.i.embedder.EclipseLogger - Using 'UTF-8' encoding to copy filtered resources.
2015-05-06 12:59:42,234 [Worker-6] INFO  o.e.m.c.i.embedder.EclipseLogger - skip non existing resourceDirectory D:\GIT\Appium\JUnit_example\src\test\resources
2015-05-06 13:06:15,021 [Worker-13] INFO  o.e.m.c.i.embedder.EclipseLogger - Using 'UTF-8' encoding to copy filtered resources.
2015-05-06 13:06:15,021 [Worker-13] INFO  o.e.m.c.i.embedder.EclipseLogger - skip non existing resourceDirectory D:\GIT\Appium\JUnit_example\src\main\resources
2015-05-06 13:06:15,021 [Worker-13] INFO  o.e.m.c.i.embedder.EclipseLogger - Using 'UTF-8' encoding to copy filtered resources.
2015-05-06 13:06:15,021 [Worker-13] INFO  o.e.m.c.i.embedder.EclipseLogger - skip non existing resourceDirectory D:\GIT\Appium\JUnit_example\src\test\resources
2015-05-06 13:07:55,554 [Worker-9] INFO  o.e.m.c.i.embedder.EclipseLogger - Using 'UTF-8' encoding to copy filtered resources.
2015-05-06 13:07:55,554 [Worker-9] INFO  o.e.m.c.i.embedder.EclipseLogger - skip non existing resourceDirectory D:\GIT\Appium\JUnit_example\src\main\resources
2015-05-06 13:07:55,554 [Worker-9] INFO  o.e.m.c.i.embedder.EclipseLogger - Using 'UTF-8' encoding to copy filtered resources.
2015-05-06 13:07:55,554 [Worker-9] INFO  o.e.m.c.i.embedder.EclipseLogger - skip non existing resourceDirectory D:\GIT\Appium\JUnit_example\src\test\resources
2015-05-06 13:31:14,463 [Worker-5] INFO  o.e.m.c.i.embedder.EclipseLogger - Using 'UTF-8' encoding to copy filtered resources.
2015-05-06 13:31:14,463 [Worker-5] INFO  o.e.m.c.i.embedder.EclipseLogger - skip non existing resourceDirectory D:\GIT\Appium\JUnit_example\src\main\resources
2015-05-06 13:31:14,463 [Worker-5] INFO  o.e.m.c.i.embedder.EclipseLogger - Using 'UTF-8' encoding to copy filtered resources.
2015-05-06 13:31:14,463 [Worker-5] INFO  o.e.m.c.i.embedder.EclipseLogger - skip non existing resourceDirectory D:\GIT\Appium\JUnit_example\src\test\resources
2015-05-06 13:53:36,554 [Worker-13] INFO  o.e.m.c.i.embedder.EclipseLogger - Using 'UTF-8' encoding to copy filtered resources.
2015-05-06 13:53:36,554 [Worker-13] INFO  o.e.m.c.i.embedder.EclipseLogger - skip non existing resourceDirectory D:\GIT\Appium\JUnit_example\src\main\resources
2015-05-06 13:53:36,554 [Worker-13] INFO  o.e.m.c.i.embedder.EclipseLogger - Using 'UTF-8' encoding to copy filtered resources.
2015-05-06 13:53:36,554 [Worker-13] INFO  o.e.m.c.i.embedder.EclipseLogger - skip non existing resourceDirectory D:\GIT\Appium\JUnit_example\src\test\resources
2015-05-06 13:57:37,433 [Worker-18] INFO  o.e.m.c.i.embedder.EclipseLogger - Using 'UTF-8' encoding to copy filtered resources.
2015-05-06 13:57:37,433 [Worker-18] INFO  o.e.m.c.i.embedder.EclipseLogger - skip non existing resourceDirectory D:\GIT\Appium\JUnit_example\src\main\resources
2015-05-06 13:57:37,433 [Worker-18] INFO  o.e.m.c.i.embedder.EclipseLogger - Using 'UTF-8' encoding to copy filtered resources.
2015-05-06 13:57:37,433 [Worker-18] INFO  o.e.m.c.i.embedder.EclipseLogger - skip non existing resourceDirectory D:\GIT\Appium\JUnit_example\src\test\resources
2015-05-06 14:08:18,316 [Worker-9] INFO  o.e.m.c.i.embedder.EclipseLogger - Using 'UTF-8' encoding to copy filtered resources.
2015-05-06 14:08:18,316 [Worker-9] INFO  o.e.m.c.i.embedder.EclipseLogger - skip non existing resourceDirectory D:\GIT\Appium\JUnit_example\src\main\resources
2015-05-06 14:08:18,316 [Worker-9] INFO  o.e.m.c.i.embedder.EclipseLogger - Using 'UTF-8' encoding to copy filtered resources.
2015-05-06 14:08:18,316 [Worker-9] INFO  o.e.m.c.i.embedder.EclipseLogger - skip non existing resourceDirectory D:\GIT\Appium\JUnit_example\src\test\resources
2015-05-06 14:12:31,532 [Worker-12] INFO  o.e.m.c.i.embedder.EclipseLogger - Using 'UTF-8' encoding to copy filtered resources.
2015-05-06 14:12:31,532 [Worker-12] INFO  o.e.m.c.i.embedder.EclipseLogger - skip non existing resourceDirectory D:\GIT\Appium\JUnit_example\src\main\resources
2015-05-06 14:12:31,532 [Worker-12] INFO  o.e.m.c.i.embedder.EclipseLogger - Using 'UTF-8' encoding to copy filtered resources.
2015-05-06 14:12:31,532 [Worker-12] INFO  o.e.m.c.i.embedder.EclipseLogger - skip non existing resourceDirectory D:\GIT\Appium\JUnit_example\src\test\resources
2015-05-06 14:13:24,482 [Worker-13] INFO  o.e.m.c.i.embedder.EclipseLogger - Using 'UTF-8' encoding to copy filtered resources.
2015-05-06 14:13:24,482 [Worker-13] INFO  o.e.m.c.i.embedder.EclipseLogger - skip non existing resourceDirectory D:\GIT\Appium\JUnit_example\src\main\resources
2015-05-06 14:13:24,482 [Worker-13] INFO  o.e.m.c.i.embedder.EclipseLogger - Using 'UTF-8' encoding to copy filtered resources.
2015-05-06 14:13:24,482 [Worker-13] INFO  o.e.m.c.i.embedder.EclipseLogger - skip non existing resourceDirectory D:\GIT\Appium\JUnit_example\src\test\resources
2015-05-06 14:15:33,339 [Worker-20] INFO  o.e.m.c.i.embedder.EclipseLogger - Using 'UTF-8' encoding to copy filtered resources.
2015-05-06 14:15:33,339 [Worker-20] INFO  o.e.m.c.i.embedder.EclipseLogger - skip non existing resourceDirectory D:\GIT\Appium\JUnit_example\src\main\resources
2015-05-06 14:15:33,354 [Worker-20] INFO  o.e.m.c.i.embedder.EclipseLogger - Using 'UTF-8' encoding to copy filtered resources.
2015-05-06 14:15:33,354 [Worker-20] INFO  o.e.m.c.i.embedder.EclipseLogger - skip non existing resourceDirectory D:\GIT\Appium\JUnit_example\src\test\resources
2015-05-06 14:16:44,819 [Worker-13] INFO  o.e.m.c.i.embedder.EclipseLogger - Using 'UTF-8' encoding to copy filtered resources.
2015-05-06 14:16:44,819 [Worker-13] INFO  o.e.m.c.i.embedder.EclipseLogger - skip non existing resourceDirectory D:\GIT\Appium\JUnit_example\src\main\resources
2015-05-06 14:16:44,819 [Worker-13] INFO  o.e.m.c.i.embedder.EclipseLogger - Using 'UTF-8' encoding to copy filtered resources.
2015-05-06 14:16:44,819 [Worker-13] INFO  o.e.m.c.i.embedder.EclipseLogger - skip non existing resourceDirectory D:\GIT\Appium\JUnit_example\src\test\resources
2015-05-06 14:17:35,246 [Worker-20] INFO  o.e.m.c.i.embedder.EclipseLogger - Using 'UTF-8' encoding to copy filtered resources.
2015-05-06 14:17:35,261 [Worker-20] INFO  o.e.m.c.i.embedder.EclipseLogger - skip non existing resourceDirectory D:\GIT\Appium\JUnit_example\src\main\resources
2015-05-06 14:17:35,261 [Worker-20] INFO  o.e.m.c.i.embedder.EclipseLogger - Using 'UTF-8' encoding to copy filtered resources.
2015-05-06 14:17:35,261 [Worker-20] INFO  o.e.m.c.i.embedder.EclipseLogger - skip non existing resourceDirectory D:\GIT\Appium\JUnit_example\src\test\resources
2015-05-06 14:45:49,702 [Worker-2] INFO  o.e.m.c.i.embedder.EclipseLogger - Using 'UTF-8' encoding to copy filtered resources.
2015-05-06 14:45:49,718 [Worker-2] INFO  o.e.m.c.i.embedder.EclipseLogger - skip non existing resourceDirectory D:\GIT\Appium\JUnit_example\src\main\resources
2015-05-06 14:45:49,718 [Worker-2] INFO  o.e.m.c.i.embedder.EclipseLogger - Using 'UTF-8' encoding to copy filtered resources.
2015-05-06 14:45:49,718 [Worker-2] INFO  o.e.m.c.i.embedder.EclipseLogger - skip non existing resourceDirectory D:\GIT\Appium\JUnit_example\src\test\resources
2015-05-06 14:50:49,209 [Worker-8] INFO  o.e.m.c.i.embedder.EclipseLogger - Using 'UTF-8' encoding to copy filtered resources.
2015-05-06 14:50:49,209 [Worker-8] INFO  o.e.m.c.i.embedder.EclipseLogger - skip non existing resourceDirectory D:\GIT\Appium\JUnit_example\src\main\resources
2015-05-06 14:50:49,209 [Worker-8] INFO  o.e.m.c.i.embedder.EclipseLogger - Using 'UTF-8' encoding to copy filtered resources.
2015-05-06 14:50:49,209 [Worker-8] INFO  o.e.m.c.i.embedder.EclipseLogger - skip non existing resourceDirectory D:\GIT\Appium\JUnit_example\src\test\resources
2015-05-06 14:53:01,948 [Worker-2] INFO  o.e.m.c.i.embedder.EclipseLogger - Using 'UTF-8' encoding to copy filtered resources.
2015-05-06 14:53:01,948 [Worker-2] INFO  o.e.m.c.i.embedder.EclipseLogger - skip non existing resourceDirectory D:\GIT\Appium\JUnit_example\src\main\resources
2015-05-06 14:53:01,963 [Worker-2] INFO  o.e.m.c.i.embedder.EclipseLogger - Using 'UTF-8' encoding to copy filtered resources.
2015-05-06 14:53:01,963 [Worker-2] INFO  o.e.m.c.i.embedder.EclipseLogger - skip non existing resourceDirectory D:\GIT\Appium\JUnit_example\src\test\resources
2015-05-06 14:54:41,357 [Worker-1] INFO  o.e.m.c.i.embedder.EclipseLogger - Using 'UTF-8' encoding to copy filtered resources.
2015-05-06 14:54:41,357 [Worker-1] INFO  o.e.m.c.i.embedder.EclipseLogger - skip non existing resourceDirectory D:\GIT\Appium\JUnit_example\src\main\resources
2015-05-06 14:54:41,357 [Worker-1] INFO  o.e.m.c.i.embedder.EclipseLogger - Using 'UTF-8' encoding to copy filtered resources.
2015-05-06 14:54:41,357 [Worker-1] INFO  o.e.m.c.i.embedder.EclipseLogger - skip non existing resourceDirectory D:\GIT\Appium\JUnit_example\src\test\resources
2015-05-06 15:51:30,150 [Worker-4] INFO  o.e.m.c.i.embedder.EclipseLogger - Using 'UTF-8' encoding to copy filtered resources.
2015-05-06 15:51:30,150 [Worker-4] INFO  o.e.m.c.i.embedder.EclipseLogger - skip non existing resourceDirectory D:\GIT\Appium\JUnit_example\src\main\resources
2015-05-06 15:51:30,151 [Worker-4] INFO  o.e.m.c.i.embedder.EclipseLogger - Using 'UTF-8' encoding to copy filtered resources.
2015-05-06 15:51:30,151 [Worker-4] INFO  o.e.m.c.i.embedder.EclipseLogger - skip non existing resourceDirectory D:\GIT\Appium\JUnit_example\src\test\resources
2015-05-06 15:52:56,087 [Worker-9] INFO  o.e.m.c.i.embedder.EclipseLogger - Using 'UTF-8' encoding to copy filtered resources.
2015-05-06 15:52:56,087 [Worker-9] INFO  o.e.m.c.i.embedder.EclipseLogger - skip non existing resourceDirectory D:\GIT\Appium\JUnit_example\src\main\resources
2015-05-06 15:52:56,088 [Worker-9] INFO  o.e.m.c.i.embedder.EclipseLogger - Using 'UTF-8' encoding to copy filtered resources.
2015-05-06 15:52:56,088 [Worker-9] INFO  o.e.m.c.i.embedder.EclipseLogger - skip non existing resourceDirectory D:\GIT\Appium\JUnit_example\src\test\resources
2015-05-06 15:54:39,886 [Worker-4] INFO  o.e.m.c.i.embedder.EclipseLogger - Using 'UTF-8' encoding to copy filtered resources.
2015-05-06 15:54:39,886 [Worker-4] INFO  o.e.m.c.i.embedder.EclipseLogger - skip non existing resourceDirectory D:\GIT\Appium\JUnit_example\src\main\resources
2015-05-06 15:54:39,887 [Worker-4] INFO  o.e.m.c.i.embedder.EclipseLogger - Using 'UTF-8' encoding to copy filtered resources.
2015-05-06 15:54:39,887 [Worker-4] INFO  o.e.m.c.i.embedder.EclipseLogger - skip non existing resourceDirectory D:\GIT\Appium\JUnit_example\src\test\resources
2015-05-06 15:56:50,022 [Worker-0] INFO  o.e.m.c.i.embedder.EclipseLogger - Using 'UTF-8' encoding to copy filtered resources.
2015-05-06 15:56:50,022 [Worker-0] INFO  o.e.m.c.i.embedder.EclipseLogger - skip non existing resourceDirectory D:\GIT\Appium\JUnit_example\src\main\resources
2015-05-06 15:56:50,024 [Worker-0] INFO  o.e.m.c.i.embedder.EclipseLogger - Using 'UTF-8' encoding to copy filtered resources.
2015-05-06 15:56:50,024 [Worker-0] INFO  o.e.m.c.i.embedder.EclipseLogger - skip non existing resourceDirectory D:\GIT\Appium\JUnit_example\src\test\resources
2015-05-06 16:09:40,797 [Worker-1] INFO  o.e.m.c.i.embedder.EclipseLogger - Using 'UTF-8' encoding to copy filtered resources.
2015-05-06 16:09:40,797 [Worker-1] INFO  o.e.m.c.i.embedder.EclipseLogger - skip non existing resourceDirectory D:\GIT\Appium\JUnit_example\src\main\resources
2015-05-06 16:09:40,798 [Worker-1] INFO  o.e.m.c.i.embedder.EclipseLogger - Using 'UTF-8' encoding to copy filtered resources.
2015-05-06 16:09:40,798 [Worker-1] INFO  o.e.m.c.i.embedder.EclipseLogger - skip non existing resourceDirectory D:\GIT\Appium\JUnit_example\src\test\resources
2015-05-06 16:16:11,312 [Worker-5] INFO  o.e.m.c.i.embedder.EclipseLogger - Using 'UTF-8' encoding to copy filtered resources.
2015-05-06 16:16:11,312 [Worker-5] INFO  o.e.m.c.i.embedder.EclipseLogger - skip non existing resourceDirectory D:\GIT\Appium\JUnit_example\src\main\resources
2015-05-06 16:16:11,313 [Worker-5] INFO  o.e.m.c.i.embedder.EclipseLogger - Using 'UTF-8' encoding to copy filtered resources.
2015-05-06 16:16:11,313 [Worker-5] INFO  o.e.m.c.i.embedder.EclipseLogger - skip non existing resourceDirectory D:\GIT\Appium\JUnit_example\src\test\resources
2015-05-06 16:18:55,530 [Worker-9] INFO  o.e.m.c.i.embedder.EclipseLogger - Using 'UTF-8' encoding to copy filtered resources.
2015-05-06 16:18:55,530 [Worker-9] INFO  o.e.m.c.i.embedder.EclipseLogger - skip non existing resourceDirectory D:\GIT\Appium\JUnit_example\src\main\resources
2015-05-06 16:18:55,532 [Worker-9] INFO  o.e.m.c.i.embedder.EclipseLogger - Using 'UTF-8' encoding to copy filtered resources.
2015-05-06 16:18:55,532 [Worker-9] INFO  o.e.m.c.i.embedder.EclipseLogger - skip non existing resourceDirectory D:\GIT\Appium\JUnit_example\src\test\resources
2015-05-06 16:42:54,916 [Worker-7] INFO  o.e.m.c.i.embedder.EclipseLogger - Using 'UTF-8' encoding to copy filtered resources.
2015-05-06 16:42:54,917 [Worker-7] INFO  o.e.m.c.i.embedder.EclipseLogger - skip non existing resourceDirectory D:\GIT\Appium\JUnit_example\src\main\resources
2015-05-06 16:42:54,918 [Worker-7] INFO  o.e.m.c.i.embedder.EclipseLogger - Using 'UTF-8' encoding to copy filtered resources.
2015-05-06 16:42:54,918 [Worker-7] INFO  o.e.m.c.i.embedder.EclipseLogger - skip non existing resourceDirectory D:\GIT\Appium\JUnit_example\src\test\resources
2015-05-07 11:07:50,082 [Worker-8] INFO  o.e.m.c.i.embedder.EclipseLogger - Using 'UTF-8' encoding to copy filtered resources.
2015-05-07 11:07:50,551 [Worker-8] INFO  o.e.m.c.i.embedder.EclipseLogger - skip non existing resourceDirectory D:\GIT\Appium\JUnit_example\src\main\resources
2015-05-07 11:07:50,551 [Worker-8] INFO  o.e.m.c.i.embedder.EclipseLogger - Using 'UTF-8' encoding to copy filtered resources.
2015-05-07 11:07:50,551 [Worker-8] INFO  o.e.m.c.i.embedder.EclipseLogger - skip non existing resourceDirectory D:\GIT\Appium\JUnit_example\src\test\resources
2015-05-07 11:18:22,638 [Worker-7] INFO  o.e.m.c.i.embedder.EclipseLogger - Using 'UTF-8' encoding to copy filtered resources.
2015-05-07 11:18:22,638 [Worker-7] INFO  o.e.m.c.i.embedder.EclipseLogger - skip non existing resourceDirectory D:\GIT\Appium\JUnit_example\src\main\resources
2015-05-07 11:18:22,640 [Worker-7] INFO  o.e.m.c.i.embedder.EclipseLogger - Using 'UTF-8' encoding to copy filtered resources.
2015-05-07 11:18:22,640 [Worker-7] INFO  o.e.m.c.i.embedder.EclipseLogger - skip non existing resourceDirectory D:\GIT\Appium\JUnit_example\src\test\resources
2015-05-07 11:19:57,479 [Worker-1] INFO  o.e.m.c.i.embedder.EclipseLogger - Using 'UTF-8' encoding to copy filtered resources.
2015-05-07 11:19:57,480 [Worker-1] INFO  o.e.m.c.i.embedder.EclipseLogger - skip non existing resourceDirectory D:\GIT\Appium\JUnit_example\src\main\resources
2015-05-07 11:19:57,480 [Worker-1] INFO  o.e.m.c.i.embedder.EclipseLogger - Using 'UTF-8' encoding to copy filtered resources.
2015-05-07 11:19:57,480 [Worker-1] INFO  o.e.m.c.i.embedder.EclipseLogger - skip non existing resourceDirectory D:\GIT\Appium\JUnit_example\src\test\resources
2015-05-07 11:21:07,654 [Worker-10] INFO  o.e.m.c.i.embedder.EclipseLogger - Using 'UTF-8' encoding to copy filtered resources.
2015-05-07 11:21:07,654 [Worker-10] INFO  o.e.m.c.i.embedder.EclipseLogger - skip non existing resourceDirectory D:\GIT\Appium\JUnit_example\src\main\resources
2015-05-07 11:21:07,657 [Worker-10] INFO  o.e.m.c.i.embedder.EclipseLogger - Using 'UTF-8' encoding to copy filtered resources.
2015-05-07 11:21:07,657 [Worker-10] INFO  o.e.m.c.i.embedder.EclipseLogger - skip non existing resourceDirectory D:\GIT\Appium\JUnit_example\src\test\resources
2015-05-07 11:24:50,978 [Worker-1] INFO  o.e.m.c.i.embedder.EclipseLogger - Using 'UTF-8' encoding to copy filtered resources.
2015-05-07 11:24:50,978 [Worker-1] INFO  o.e.m.c.i.embedder.EclipseLogger - skip non existing resourceDirectory D:\GIT\Appium\JUnit_example\src\main\resources
2015-05-07 11:24:50,979 [Worker-1] INFO  o.e.m.c.i.embedder.EclipseLogger - Using 'UTF-8' encoding to copy filtered resources.
2015-05-07 11:24:50,979 [Worker-1] INFO  o.e.m.c.i.embedder.EclipseLogger - skip non existing resourceDirectory D:\GIT\Appium\JUnit_example\src\test\resources
2015-05-07 11:26:35,639 [Worker-7] INFO  o.e.m.c.i.embedder.EclipseLogger - Using 'UTF-8' encoding to copy filtered resources.
2015-05-07 11:26:35,639 [Worker-7] INFO  o.e.m.c.i.embedder.EclipseLogger - skip non existing resourceDirectory D:\GIT\Appium\JUnit_example\src\main\resources
2015-05-07 11:26:35,640 [Worker-7] INFO  o.e.m.c.i.embedder.EclipseLogger - Using 'UTF-8' encoding to copy filtered resources.
2015-05-07 11:26:35,640 [Worker-7] INFO  o.e.m.c.i.embedder.EclipseLogger - skip non existing resourceDirectory D:\GIT\Appium\JUnit_example\src\test\resources
2015-05-07 11:39:02,804 [Worker-9] INFO  o.e.m.c.i.embedder.EclipseLogger - Using 'UTF-8' encoding to copy filtered resources.
2015-05-07 11:39:02,804 [Worker-9] INFO  o.e.m.c.i.embedder.EclipseLogger - skip non existing resourceDirectory D:\GIT\Appium\JUnit_example\src\main\resources
2015-05-07 11:39:02,806 [Worker-9] INFO  o.e.m.c.i.embedder.EclipseLogger - Using 'UTF-8' encoding to copy filtered resources.
2015-05-07 11:39:02,806 [Worker-9] INFO  o.e.m.c.i.embedder.EclipseLogger - skip non existing resourceDirectory D:\GIT\Appium\JUnit_example\src\test\resources
2015-05-07 11:40:24,963 [Worker-4] INFO  o.e.m.c.i.embedder.EclipseLogger - Using 'UTF-8' encoding to copy filtered resources.
2015-05-07 11:40:24,964 [Worker-4] INFO  o.e.m.c.i.embedder.EclipseLogger - skip non existing resourceDirectory D:\GIT\Appium\JUnit_example\src\main\resources
2015-05-07 11:40:24,964 [Worker-4] INFO  o.e.m.c.i.embedder.EclipseLogger - Using 'UTF-8' encoding to copy filtered resources.
2015-05-07 11:40:24,964 [Worker-4] INFO  o.e.m.c.i.embedder.EclipseLogger - skip non existing resourceDirectory D:\GIT\Appium\JUnit_example\src\test\resources
2015-05-07 11:45:48,472 [Worker-2] INFO  o.e.m.c.i.embedder.EclipseLogger - Using 'UTF-8' encoding to copy filtered resources.
2015-05-07 11:45:48,472 [Worker-2] INFO  o.e.m.c.i.embedder.EclipseLogger - skip non existing resourceDirectory D:\GIT\Appium\JUnit_example\src\main\resources
2015-05-07 11:45:48,473 [Worker-2] INFO  o.e.m.c.i.embedder.EclipseLogger - Using 'UTF-8' encoding to copy filtered resources.
2015-05-07 11:45:48,473 [Worker-2] INFO  o.e.m.c.i.embedder.EclipseLogger - skip non existing resourceDirectory D:\GIT\Appium\JUnit_example\src\test\resources
2015-05-07 11:47:49,272 [Worker-0] INFO  o.e.m.c.i.embedder.EclipseLogger - Using 'UTF-8' encoding to copy filtered resources.
2015-05-07 11:47:49,272 [Worker-0] INFO  o.e.m.c.i.embedder.EclipseLogger - skip non existing resourceDirectory D:\GIT\Appium\JUnit_example\src\main\resources
2015-05-07 11:47:49,273 [Worker-0] INFO  o.e.m.c.i.embedder.EclipseLogger - Using 'UTF-8' encoding to copy filtered resources.
2015-05-07 11:47:49,273 [Worker-0] INFO  o.e.m.c.i.embedder.EclipseLogger - skip non existing resourceDirectory D:\GIT\Appium\JUnit_example\src\test\resources
2015-05-07 11:49:45,385 [Worker-2] INFO  o.e.m.c.i.l.LifecycleMappingFactory - Using org.eclipse.m2e.jdt.JarLifecycleMapping lifecycle mapping for MavenProject: Example-report:JUnit_example:0.0.1-SNAPSHOT @ D:\GIT\Appium\JUnit_example\pom.xml.
2015-05-07 11:49:45,760 [Worker-2] INFO  o.e.m.c.i.embedder.EclipseLogger - Using 'UTF-8' encoding to copy filtered resources.
2015-05-07 11:49:45,760 [Worker-2] INFO  o.e.m.c.i.embedder.EclipseLogger - skip non existing resourceDirectory D:\GIT\Appium\JUnit_example\src\main\resources
2015-05-07 11:49:45,761 [Worker-2] INFO  o.e.m.c.i.embedder.EclipseLogger - Using 'UTF-8' encoding to copy filtered resources.
2015-05-07 11:49:45,761 [Worker-2] INFO  o.e.m.c.i.embedder.EclipseLogger - skip non existing resourceDirectory D:\GIT\Appium\JUnit_example\src\test\resources
2015-05-07 11:49:47,309 [Worker-8] INFO  o.e.m.c.i.embedder.EclipseLogger - Using 'UTF-8' encoding to copy filtered resources.
2015-05-07 11:49:47,309 [Worker-8] INFO  o.e.m.c.i.embedder.EclipseLogger - skip non existing resourceDirectory D:\GIT\Appium\JUnit_example\src\main\resources
2015-05-07 11:49:47,310 [Worker-8] INFO  o.e.m.c.i.embedder.EclipseLogger - Using 'UTF-8' encoding to copy filtered resources.
2015-05-07 11:49:47,310 [Worker-8] INFO  o.e.m.c.i.embedder.EclipseLogger - skip non existing resourceDirectory D:\GIT\Appium\JUnit_example\src\test\resources
2015-05-07 11:53:18,996 [Worker-8] INFO  o.e.m.c.i.embedder.EclipseLogger - Using 'UTF-8' encoding to copy filtered resources.
2015-05-07 11:53:18,996 [Worker-8] INFO  o.e.m.c.i.embedder.EclipseLogger - skip non existing resourceDirectory D:\GIT\Appium\JUnit_example\src\main\resources
2015-05-07 11:53:18,996 [Worker-8] INFO  o.e.m.c.i.embedder.EclipseLogger - Using 'UTF-8' encoding to copy filtered resources.
2015-05-07 11:53:18,996 [Worker-8] INFO  o.e.m.c.i.embedder.EclipseLogger - skip non existing resourceDirectory D:\GIT\Appium\JUnit_example\src\test\resources
2015-05-07 11:53:20,010 [Worker-6] INFO  o.e.m.c.i.embedder.EclipseLogger - Using 'UTF-8' encoding to copy filtered resources.
2015-05-07 11:53:20,010 [Worker-6] INFO  o.e.m.c.i.embedder.EclipseLogger - skip non existing resourceDirectory D:\GIT\Appium\JUnit_example\src\main\resources
2015-05-07 11:53:20,012 [Worker-6] INFO  o.e.m.c.i.embedder.EclipseLogger - Using 'UTF-8' encoding to copy filtered resources.
2015-05-07 11:53:20,012 [Worker-6] INFO  o.e.m.c.i.embedder.EclipseLogger - skip non existing resourceDirectory D:\GIT\Appium\JUnit_example\src\test\resources
2015-05-07 11:57:48,306 [Worker-7] INFO  o.e.m.c.i.embedder.EclipseLogger - Using 'UTF-8' encoding to copy filtered resources.
2015-05-07 11:57:48,306 [Worker-7] INFO  o.e.m.c.i.embedder.EclipseLogger - skip non existing resourceDirectory D:\GIT\Appium\JUnit_example\src\main\resources
2015-05-07 11:57:48,307 [Worker-7] INFO  o.e.m.c.i.embedder.EclipseLogger - Using 'UTF-8' encoding to copy filtered resources.
2015-05-07 11:57:48,307 [Worker-7] INFO  o.e.m.c.i.embedder.EclipseLogger - skip non existing resourceDirectory D:\GIT\Appium\JUnit_example\src\test\resources
2015-05-07 11:58:34,590 [Worker-7] INFO  o.e.m.c.i.embedder.EclipseLogger - Using 'UTF-8' encoding to copy filtered resources.
2015-05-07 11:58:34,590 [Worker-7] INFO  o.e.m.c.i.embedder.EclipseLogger - skip non existing resourceDirectory D:\GIT\Appium\JUnit_example\src\main\resources
2015-05-07 11:58:34,591 [Worker-7] INFO  o.e.m.c.i.embedder.EclipseLogger - Using 'UTF-8' encoding to copy filtered resources.
2015-05-07 11:58:34,591 [Worker-7] INFO  o.e.m.c.i.embedder.EclipseLogger - skip non existing resourceDirectory D:\GIT\Appium\JUnit_example\src\test\resources
2015-05-07 11:59:56,561 [Worker-2] INFO  o.e.m.c.i.embedder.EclipseLogger - Using 'UTF-8' encoding to copy filtered resources.
2015-05-07 11:59:56,561 [Worker-2] INFO  o.e.m.c.i.embedder.EclipseLogger - skip non existing resourceDirectory D:\GIT\Appium\JUnit_example\src\main\resources
2015-05-07 11:59:56,562 [Worker-2] INFO  o.e.m.c.i.embedder.EclipseLogger - Using 'UTF-8' encoding to copy filtered resources.
2015-05-07 11:59:56,562 [Worker-2] INFO  o.e.m.c.i.embedder.EclipseLogger - skip non existing resourceDirectory D:\GIT\Appium\JUnit_example\src\test\resources
2015-05-07 12:00:23,108 [Worker-2] INFO  o.e.m.c.i.embedder.EclipseLogger - Using 'UTF-8' encoding to copy filtered resources.
2015-05-07 12:00:23,109 [Worker-2] INFO  o.e.m.c.i.embedder.EclipseLogger - skip non existing resourceDirectory D:\GIT\Appium\JUnit_example\src\main\resources
2015-05-07 12:00:23,110 [Worker-2] INFO  o.e.m.c.i.embedder.EclipseLogger - Using 'UTF-8' encoding to copy filtered resources.
2015-05-07 12:00:23,110 [Worker-2] INFO  o.e.m.c.i.embedder.EclipseLogger - skip non existing resourceDirectory D:\GIT\Appium\JUnit_example\src\test\resources
2015-05-07 12:00:55,023 [Worker-16] INFO  o.e.m.c.i.embedder.EclipseLogger - Using 'UTF-8' encoding to copy filtered resources.
2015-05-07 12:00:55,023 [Worker-16] INFO  o.e.m.c.i.embedder.EclipseLogger - skip non existing resourceDirectory D:\GIT\Appium\JUnit_example\src\main\resources
2015-05-07 12:00:55,024 [Worker-16] INFO  o.e.m.c.i.embedder.EclipseLogger - Using 'UTF-8' encoding to copy filtered resources.
2015-05-07 12:00:55,024 [Worker-16] INFO  o.e.m.c.i.embedder.EclipseLogger - skip non existing resourceDirectory D:\GIT\Appium\JUnit_example\src\test\resources
2015-05-07 12:01:02,166 [Worker-14] INFO  o.e.m.c.i.embedder.EclipseLogger - Using 'UTF-8' encoding to copy filtered resources.
2015-05-07 12:01:02,166 [Worker-14] INFO  o.e.m.c.i.embedder.EclipseLogger - skip non existing resourceDirectory D:\GIT\Appium\JUnit_example\src\main\resources
2015-05-07 12:01:02,167 [Worker-14] INFO  o.e.m.c.i.embedder.EclipseLogger - Using 'UTF-8' encoding to copy filtered resources.
2015-05-07 12:01:02,167 [Worker-14] INFO  o.e.m.c.i.embedder.EclipseLogger - skip non existing resourceDirectory D:\GIT\Appium\JUnit_example\src\test\resources
2015-05-07 12:01:50,153 [Worker-11] INFO  o.e.m.c.i.embedder.EclipseLogger - Using 'UTF-8' encoding to copy filtered resources.
2015-05-07 12:01:50,153 [Worker-11] INFO  o.e.m.c.i.embedder.EclipseLogger - skip non existing resourceDirectory D:\GIT\Appium\JUnit_example\src\main\resources
2015-05-07 12:01:50,169 [Worker-11] INFO  o.e.m.c.i.embedder.EclipseLogger - Using 'UTF-8' encoding to copy filtered resources.
2015-05-07 12:01:50,169 [Worker-11] INFO  o.e.m.c.i.embedder.EclipseLogger - skip non existing resourceDirectory D:\GIT\Appium\JUnit_example\src\test\resources
2015-05-07 12:04:12,215 [Worker-18] INFO  o.e.m.c.i.embedder.EclipseLogger - Using 'UTF-8' encoding to copy filtered resources.
2015-05-07 12:04:12,216 [Worker-18] INFO  o.e.m.c.i.embedder.EclipseLogger - skip non existing resourceDirectory D:\GIT\Appium\JUnit_example\src\main\resources
2015-05-07 12:04:12,217 [Worker-18] INFO  o.e.m.c.i.embedder.EclipseLogger - Using 'UTF-8' encoding to copy filtered resources.
2015-05-07 12:04:12,217 [Worker-18] INFO  o.e.m.c.i.embedder.EclipseLogger - skip non existing resourceDirectory D:\GIT\Appium\JUnit_example\src\test\resources
2015-05-07 12:05:46,959 [Worker-11] INFO  o.e.m.c.i.embedder.EclipseLogger - Using 'UTF-8' encoding to copy filtered resources.
2015-05-07 12:05:46,959 [Worker-11] INFO  o.e.m.c.i.embedder.EclipseLogger - skip non existing resourceDirectory D:\GIT\Appium\JUnit_example\src\main\resources
2015-05-07 12:05:46,959 [Worker-11] INFO  o.e.m.c.i.embedder.EclipseLogger - Using 'UTF-8' encoding to copy filtered resources.
2015-05-07 12:05:46,960 [Worker-11] INFO  o.e.m.c.i.embedder.EclipseLogger - skip non existing resourceDirectory D:\GIT\Appium\JUnit_example\src\test\resources
2015-05-07 12:08:02,709 [Worker-1] INFO  o.e.m.c.i.embedder.EclipseLogger - Using 'UTF-8' encoding to copy filtered resources.
2015-05-07 12:08:02,709 [Worker-1] INFO  o.e.m.c.i.embedder.EclipseLogger - skip non existing resourceDirectory D:\GIT\Appium\JUnit_example\src\main\resources
2015-05-07 12:08:02,710 [Worker-1] INFO  o.e.m.c.i.embedder.EclipseLogger - Using 'UTF-8' encoding to copy filtered resources.
2015-05-07 12:08:02,710 [Worker-1] INFO  o.e.m.c.i.embedder.EclipseLogger - skip non existing resourceDirectory D:\GIT\Appium\JUnit_example\src\test\resources
2015-05-07 12:20:13,274 [Worker-11] INFO  o.e.m.c.i.embedder.EclipseLogger - Using 'UTF-8' encoding to copy filtered resources.
2015-05-07 12:20:13,274 [Worker-11] INFO  o.e.m.c.i.embedder.EclipseLogger - skip non existing resourceDirectory D:\GIT\Appium\JUnit_example\src\main\resources
2015-05-07 12:20:13,275 [Worker-11] INFO  o.e.m.c.i.embedder.EclipseLogger - Using 'UTF-8' encoding to copy filtered resources.
2015-05-07 12:20:13,275 [Worker-11] INFO  o.e.m.c.i.embedder.EclipseLogger - skip non existing resourceDirectory D:\GIT\Appium\JUnit_example\src\test\resources
2015-05-07 12:21:02,813 [Worker-7] INFO  o.e.m.c.i.embedder.EclipseLogger - Using 'UTF-8' encoding to copy filtered resources.
2015-05-07 12:21:02,813 [Worker-7] INFO  o.e.m.c.i.embedder.EclipseLogger - skip non existing resourceDirectory D:\GIT\Appium\JUnit_example\src\main\resources
2015-05-07 12:21:02,814 [Worker-7] INFO  o.e.m.c.i.embedder.EclipseLogger - Using 'UTF-8' encoding to copy filtered resources.
2015-05-07 12:21:02,814 [Worker-7] INFO  o.e.m.c.i.embedder.EclipseLogger - skip non existing resourceDirectory D:\GIT\Appium\JUnit_example\src\test\resources
2015-05-07 12:48:00,430 [Worker-8] INFO  o.e.m.c.i.embedder.EclipseLogger - Using 'UTF-8' encoding to copy filtered resources.
2015-05-07 12:48:00,430 [Worker-8] INFO  o.e.m.c.i.embedder.EclipseLogger - skip non existing resourceDirectory D:\GIT\Appium\JUnit_example\src\main\resources
2015-05-07 12:48:00,430 [Worker-8] INFO  o.e.m.c.i.embedder.EclipseLogger - Using 'UTF-8' encoding to copy filtered resources.
2015-05-07 12:48:00,431 [Worker-8] INFO  o.e.m.c.i.embedder.EclipseLogger - skip non existing resourceDirectory D:\GIT\Appium\JUnit_example\src\test\resources
2015-05-07 12:50:19,174 [Worker-2] INFO  o.e.m.c.i.embedder.EclipseLogger - Using 'UTF-8' encoding to copy filtered resources.
2015-05-07 12:50:19,174 [Worker-2] INFO  o.e.m.c.i.embedder.EclipseLogger - skip non existing resourceDirectory D:\GIT\Appium\JUnit_example\src\main\resources
2015-05-07 12:50:19,176 [Worker-2] INFO  o.e.m.c.i.embedder.EclipseLogger - Using 'UTF-8' encoding to copy filtered resources.
2015-05-07 12:50:19,176 [Worker-2] INFO  o.e.m.c.i.embedder.EclipseLogger - skip non existing resourceDirectory D:\GIT\Appium\JUnit_example\src\test\resources
2015-05-07 13:00:31,973 [Worker-1] INFO  o.e.m.c.i.embedder.EclipseLogger - Using 'UTF-8' encoding to copy filtered resources.
2015-05-07 13:00:31,974 [Worker-1] INFO  o.e.m.c.i.embedder.EclipseLogger - skip non existing resourceDirectory D:\GIT\Appium\JUnit_example\src\main\resources
2015-05-07 13:00:31,974 [Worker-1] INFO  o.e.m.c.i.embedder.EclipseLogger - Using 'UTF-8' encoding to copy filtered resources.
2015-05-07 13:00:31,974 [Worker-1] INFO  o.e.m.c.i.embedder.EclipseLogger - skip non existing resourceDirectory D:\GIT\Appium\JUnit_example\src\test\resources
2015-05-07 13:04:08,031 [Worker-15] INFO  o.e.m.c.i.embedder.EclipseLogger - Using 'UTF-8' encoding to copy filtered resources.
2015-05-07 13:04:08,031 [Worker-15] INFO  o.e.m.c.i.embedder.EclipseLogger - skip non existing resourceDirectory D:\GIT\Appium\JUnit_example\src\main\resources
2015-05-07 13:04:08,031 [Worker-15] INFO  o.e.m.c.i.embedder.EclipseLogger - Using 'UTF-8' encoding to copy filtered resources.
2015-05-07 13:04:08,031 [Worker-15] INFO  o.e.m.c.i.embedder.EclipseLogger - skip non existing resourceDirectory D:\GIT\Appium\JUnit_example\src\test\resources
2015-05-07 13:06:27,147 [Worker-11] INFO  o.e.m.c.i.embedder.EclipseLogger - Using 'UTF-8' encoding to copy filtered resources.
2015-05-07 13:06:27,148 [Worker-11] INFO  o.e.m.c.i.embedder.EclipseLogger - skip non existing resourceDirectory D:\GIT\Appium\JUnit_example\src\main\resources
2015-05-07 13:06:27,148 [Worker-11] INFO  o.e.m.c.i.embedder.EclipseLogger - Using 'UTF-8' encoding to copy filtered resources.
2015-05-07 13:06:27,149 [Worker-11] INFO  o.e.m.c.i.embedder.EclipseLogger - skip non existing resourceDirectory D:\GIT\Appium\JUnit_example\src\test\resources
2015-05-07 13:07:40,542 [Worker-19] INFO  o.e.m.c.i.embedder.EclipseLogger - Using 'UTF-8' encoding to copy filtered resources.
2015-05-07 13:07:40,542 [Worker-19] INFO  o.e.m.c.i.embedder.EclipseLogger - skip non existing resourceDirectory D:\GIT\Appium\JUnit_example\src\main\resources
2015-05-07 13:07:40,543 [Worker-19] INFO  o.e.m.c.i.embedder.EclipseLogger - Using 'UTF-8' encoding to copy filtered resources.
2015-05-07 13:07:40,544 [Worker-19] INFO  o.e.m.c.i.embedder.EclipseLogger - skip non existing resourceDirectory D:\GIT\Appium\JUnit_example\src\test\resources
2015-05-07 13:09:14,220 [Worker-20] INFO  o.e.m.c.i.embedder.EclipseLogger - Using 'UTF-8' encoding to copy filtered resources.
2015-05-07 13:09:14,220 [Worker-20] INFO  o.e.m.c.i.embedder.EclipseLogger - skip non existing resourceDirectory D:\GIT\Appium\JUnit_example\src\main\resources
2015-05-07 13:09:14,221 [Worker-20] INFO  o.e.m.c.i.embedder.EclipseLogger - Using 'UTF-8' encoding to copy filtered resources.
2015-05-07 13:09:14,221 [Worker-20] INFO  o.e.m.c.i.embedder.EclipseLogger - skip non existing resourceDirectory D:\GIT\Appium\JUnit_example\src\test\resources
2015-05-07 13:17:09,619 [Worker-15] INFO  o.e.m.c.i.embedder.EclipseLogger - Using 'UTF-8' encoding to copy filtered resources.
2015-05-07 13:17:09,619 [Worker-15] INFO  o.e.m.c.i.embedder.EclipseLogger - skip non existing resourceDirectory D:\GIT\Appium\JUnit_example\src\main\resources
2015-05-07 13:17:09,620 [Worker-15] INFO  o.e.m.c.i.embedder.EclipseLogger - Using 'UTF-8' encoding to copy filtered resources.
2015-05-07 13:17:09,620 [Worker-15] INFO  o.e.m.c.i.embedder.EclipseLogger - skip non existing resourceDirectory D:\GIT\Appium\JUnit_example\src\test\resources
2015-05-07 13:18:58,302 [Worker-8] INFO  o.e.m.c.i.embedder.EclipseLogger - Using 'UTF-8' encoding to copy filtered resources.
2015-05-07 13:18:58,302 [Worker-8] INFO  o.e.m.c.i.embedder.EclipseLogger - skip non existing resourceDirectory D:\GIT\Appium\JUnit_example\src\main\resources
2015-05-07 13:18:58,303 [Worker-8] INFO  o.e.m.c.i.embedder.EclipseLogger - Using 'UTF-8' encoding to copy filtered resources.
2015-05-07 13:18:58,303 [Worker-8] INFO  o.e.m.c.i.embedder.EclipseLogger - skip non existing resourceDirectory D:\GIT\Appium\JUnit_example\src\test\resources
2015-05-07 13:23:15,239 [Worker-1] INFO  o.e.m.c.i.embedder.EclipseLogger - Using 'UTF-8' encoding to copy filtered resources.
2015-05-07 13:23:15,239 [Worker-1] INFO  o.e.m.c.i.embedder.EclipseLogger - skip non existing resourceDirectory D:\GIT\Appium\JUnit_example\src\main\resources
2015-05-07 13:23:15,241 [Worker-1] INFO  o.e.m.c.i.embedder.EclipseLogger - Using 'UTF-8' encoding to copy filtered resources.
2015-05-07 13:23:15,241 [Worker-1] INFO  o.e.m.c.i.embedder.EclipseLogger - skip non existing resourceDirectory D:\GIT\Appium\JUnit_example\src\test\resources
2015-05-07 13:24:58,330 [Worker-20] INFO  o.e.m.c.i.embedder.EclipseLogger - Using 'UTF-8' encoding to copy filtered resources.
2015-05-07 13:24:58,330 [Worker-20] INFO  o.e.m.c.i.embedder.EclipseLogger - skip non existing resourceDirectory D:\GIT\Appium\JUnit_example\src\main\resources
2015-05-07 13:24:58,330 [Worker-20] INFO  o.e.m.c.i.embedder.EclipseLogger - Using 'UTF-8' encoding to copy filtered resources.
2015-05-07 13:24:58,331 [Worker-20] INFO  o.e.m.c.i.embedder.EclipseLogger - skip non existing resourceDirectory D:\GIT\Appium\JUnit_example\src\test\resources
2015-05-07 13:28:24,739 [Worker-15] INFO  o.e.m.c.i.embedder.EclipseLogger - Using 'UTF-8' encoding to copy filtered resources.
2015-05-07 13:28:24,740 [Worker-15] INFO  o.e.m.c.i.embedder.EclipseLogger - skip non existing resourceDirectory D:\GIT\Appium\JUnit_example\src\main\resources
2015-05-07 13:28:24,740 [Worker-15] INFO  o.e.m.c.i.embedder.EclipseLogger - Using 'UTF-8' encoding to copy filtered resources.
2015-05-07 13:28:24,740 [Worker-15] INFO  o.e.m.c.i.embedder.EclipseLogger - skip non existing resourceDirectory D:\GIT\Appium\JUnit_example\src\test\resources
2015-05-07 13:29:24,671 [Worker-20] INFO  o.e.m.c.i.embedder.EclipseLogger - Using 'UTF-8' encoding to copy filtered resources.
2015-05-07 13:29:24,671 [Worker-20] INFO  o.e.m.c.i.embedder.EclipseLogger - skip non existing resourceDirectory D:\GIT\Appium\JUnit_example\src\main\resources
2015-05-07 13:29:24,671 [Worker-20] INFO  o.e.m.c.i.embedder.EclipseLogger - Using 'UTF-8' encoding to copy filtered resources.
2015-05-07 13:29:24,671 [Worker-20] INFO  o.e.m.c.i.embedder.EclipseLogger - skip non existing resourceDirectory D:\GIT\Appium\JUnit_example\src\test\resources
2015-05-07 13:33:49,735 [Worker-19] INFO  o.e.m.c.i.embedder.EclipseLogger - Using 'UTF-8' encoding to copy filtered resources.
2015-05-07 13:33:49,736 [Worker-19] INFO  o.e.m.c.i.embedder.EclipseLogger - skip non existing resourceDirectory D:\GIT\Appium\JUnit_example\src\main\resources
2015-05-07 13:33:49,736 [Worker-19] INFO  o.e.m.c.i.embedder.EclipseLogger - Using 'UTF-8' encoding to copy filtered resources.
2015-05-07 13:33:49,736 [Worker-19] INFO  o.e.m.c.i.embedder.EclipseLogger - skip non existing resourceDirectory D:\GIT\Appium\JUnit_example\src\test\resources
2015-05-07 13:35:28,059 [Worker-7] INFO  o.e.m.c.i.embedder.EclipseLogger - Using 'UTF-8' encoding to copy filtered resources.
2015-05-07 13:35:28,059 [Worker-7] INFO  o.e.m.c.i.embedder.EclipseLogger - skip non existing resourceDirectory D:\GIT\Appium\JUnit_example\src\main\resources
2015-05-07 13:35:28,060 [Worker-7] INFO  o.e.m.c.i.embedder.EclipseLogger - Using 'UTF-8' encoding to copy filtered resources.
2015-05-07 13:35:28,061 [Worker-7] INFO  o.e.m.c.i.embedder.EclipseLogger - skip non existing resourceDirectory D:\GIT\Appium\JUnit_example\src\test\resources
2015-05-07 13:37:29,136 [Worker-15] INFO  o.e.m.c.i.embedder.EclipseLogger - Using 'UTF-8' encoding to copy filtered resources.
2015-05-07 13:37:29,136 [Worker-15] INFO  o.e.m.c.i.embedder.EclipseLogger - skip non existing resourceDirectory D:\GIT\Appium\JUnit_example\src\main\resources
2015-05-07 13:37:29,136 [Worker-15] INFO  o.e.m.c.i.embedder.EclipseLogger - Using 'UTF-8' encoding to copy filtered resources.
2015-05-07 13:37:29,136 [Worker-15] INFO  o.e.m.c.i.embedder.EclipseLogger - skip non existing resourceDirectory D:\GIT\Appium\JUnit_example\src\test\resources
2015-05-07 13:39:16,084 [Worker-8] INFO  o.e.m.c.i.embedder.EclipseLogger - Using 'UTF-8' encoding to copy filtered resources.
2015-05-07 13:39:16,084 [Worker-8] INFO  o.e.m.c.i.embedder.EclipseLogger - skip non existing resourceDirectory D:\GIT\Appium\JUnit_example\src\main\resources
2015-05-07 13:39:16,085 [Worker-8] INFO  o.e.m.c.i.embedder.EclipseLogger - Using 'UTF-8' encoding to copy filtered resources.
2015-05-07 13:39:16,085 [Worker-8] INFO  o.e.m.c.i.embedder.EclipseLogger - skip non existing resourceDirectory D:\GIT\Appium\JUnit_example\src\test\resources
2015-05-07 13:40:02,623 [Worker-20] INFO  o.e.m.c.i.embedder.EclipseLogger - Using 'UTF-8' encoding to copy filtered resources.
2015-05-07 13:40:02,624 [Worker-20] INFO  o.e.m.c.i.embedder.EclipseLogger - skip non existing resourceDirectory D:\GIT\Appium\JUnit_example\src\main\resources
2015-05-07 13:40:02,624 [Worker-20] INFO  o.e.m.c.i.embedder.EclipseLogger - Using 'UTF-8' encoding to copy filtered resources.
2015-05-07 13:40:02,624 [Worker-20] INFO  o.e.m.c.i.embedder.EclipseLogger - skip non existing resourceDirectory D:\GIT\Appium\JUnit_example\src\test\resources
2015-05-07 13:41:41,197 [Worker-15] INFO  o.e.m.c.i.embedder.EclipseLogger - Using 'UTF-8' encoding to copy filtered resources.
2015-05-07 13:41:41,197 [Worker-15] INFO  o.e.m.c.i.embedder.EclipseLogger - skip non existing resourceDirectory D:\GIT\Appium\JUnit_example\src\main\resources
2015-05-07 13:41:41,197 [Worker-15] INFO  o.e.m.c.i.embedder.EclipseLogger - Using 'UTF-8' encoding to copy filtered resources.
2015-05-07 13:41:41,197 [Worker-15] INFO  o.e.m.c.i.embedder.EclipseLogger - skip non existing resourceDirectory D:\GIT\Appium\JUnit_example\src\test\resources
2015-05-07 13:42:55,843 [Worker-1] INFO  o.e.m.c.i.embedder.EclipseLogger - Using 'UTF-8' encoding to copy filtered resources.
2015-05-07 13:42:55,843 [Worker-1] INFO  o.e.m.c.i.embedder.EclipseLogger - skip non existing resourceDirectory D:\GIT\Appium\JUnit_example\src\main\resources
2015-05-07 13:42:55,843 [Worker-1] INFO  o.e.m.c.i.embedder.EclipseLogger - Using 'UTF-8' encoding to copy filtered resources.
2015-05-07 13:42:55,843 [Worker-1] INFO  o.e.m.c.i.embedder.EclipseLogger - skip non existing resourceDirectory D:\GIT\Appium\JUnit_example\src\test\resources
2015-05-07 13:47:25,617 [Worker-15] INFO  o.e.m.c.i.embedder.EclipseLogger - Using 'UTF-8' encoding to copy filtered resources.
2015-05-07 13:47:25,617 [Worker-15] INFO  o.e.m.c.i.embedder.EclipseLogger - skip non existing resourceDirectory D:\GIT\Appium\JUnit_example\src\main\resources
2015-05-07 13:47:25,618 [Worker-15] INFO  o.e.m.c.i.embedder.EclipseLogger - Using 'UTF-8' encoding to copy filtered resources.
2015-05-07 13:47:25,618 [Worker-15] INFO  o.e.m.c.i.embedder.EclipseLogger - skip non existing resourceDirectory D:\GIT\Appium\JUnit_example\src\test\resources
2015-05-07 13:48:15,235 [Worker-1] INFO  o.e.m.c.i.embedder.EclipseLogger - Using 'UTF-8' encoding to copy filtered resources.
2015-05-07 13:48:15,235 [Worker-1] INFO  o.e.m.c.i.embedder.EclipseLogger - skip non existing resourceDirectory D:\GIT\Appium\JUnit_example\src\main\resources
2015-05-07 13:48:15,236 [Worker-1] INFO  o.e.m.c.i.embedder.EclipseLogger - Using 'UTF-8' encoding to copy filtered resources.
2015-05-07 13:48:15,236 [Worker-1] INFO  o.e.m.c.i.embedder.EclipseLogger - skip non existing resourceDirectory D:\GIT\Appium\JUnit_example\src\test\resources
2015-05-07 14:01:09,045 [Worker-10] INFO  o.e.m.c.i.embedder.EclipseLogger - Using 'UTF-8' encoding to copy filtered resources.
2015-05-07 14:01:09,046 [Worker-10] INFO  o.e.m.c.i.embedder.EclipseLogger - skip non existing resourceDirectory D:\GIT\Appium\JUnit_example\src\main\resources
2015-05-07 14:01:09,046 [Worker-10] INFO  o.e.m.c.i.embedder.EclipseLogger - Using 'UTF-8' encoding to copy filtered resources.
2015-05-07 14:01:09,046 [Worker-10] INFO  o.e.m.c.i.embedder.EclipseLogger - skip non existing resourceDirectory D:\GIT\Appium\JUnit_example\src\test\resources
2015-05-07 14:02:06,165 [Worker-15] INFO  o.e.m.c.i.embedder.EclipseLogger - Using 'UTF-8' encoding to copy filtered resources.
2015-05-07 14:02:06,165 [Worker-15] INFO  o.e.m.c.i.embedder.EclipseLogger - skip non existing resourceDirectory D:\GIT\Appium\JUnit_example\src\main\resources
2015-05-07 14:02:06,166 [Worker-15] INFO  o.e.m.c.i.embedder.EclipseLogger - Using 'UTF-8' encoding to copy filtered resources.
2015-05-07 14:02:06,166 [Worker-15] INFO  o.e.m.c.i.embedder.EclipseLogger - skip non existing resourceDirectory D:\GIT\Appium\JUnit_example\src\test\resources
2015-05-07 14:05:08,294 [Worker-1] INFO  o.e.m.c.i.embedder.EclipseLogger - Using 'UTF-8' encoding to copy filtered resources.
2015-05-07 14:05:08,294 [Worker-1] INFO  o.e.m.c.i.embedder.EclipseLogger - skip non existing resourceDirectory D:\GIT\Appium\JUnit_example\src\main\resources
2015-05-07 14:05:08,294 [Worker-1] INFO  o.e.m.c.i.embedder.EclipseLogger - Using 'UTF-8' encoding to copy filtered resources.
2015-05-07 14:05:08,294 [Worker-1] INFO  o.e.m.c.i.embedder.EclipseLogger - skip non existing resourceDirectory D:\GIT\Appium\JUnit_example\src\test\resources
2015-05-07 14:06:46,359 [Worker-21] INFO  o.e.m.c.i.embedder.EclipseLogger - Using 'UTF-8' encoding to copy filtered resources.
2015-05-07 14:06:46,359 [Worker-21] INFO  o.e.m.c.i.embedder.EclipseLogger - skip non existing resourceDirectory D:\GIT\Appium\JUnit_example\src\main\resources
2015-05-07 14:06:46,359 [Worker-21] INFO  o.e.m.c.i.embedder.EclipseLogger - Using 'UTF-8' encoding to copy filtered resources.
2015-05-07 14:06:46,359 [Worker-21] INFO  o.e.m.c.i.embedder.EclipseLogger - skip non existing resourceDirectory D:\GIT\Appium\JUnit_example\src\test\resources
2015-05-07 14:11:10,139 [Worker-21] INFO  o.e.m.c.i.embedder.EclipseLogger - Using 'UTF-8' encoding to copy filtered resources.
2015-05-07 14:11:10,139 [Worker-21] INFO  o.e.m.c.i.embedder.EclipseLogger - skip non existing resourceDirectory D:\GIT\Appium\JUnit_example\src\main\resources
2015-05-07 14:11:10,140 [Worker-21] INFO  o.e.m.c.i.embedder.EclipseLogger - Using 'UTF-8' encoding to copy filtered resources.
2015-05-07 14:11:10,140 [Worker-21] INFO  o.e.m.c.i.embedder.EclipseLogger - skip non existing resourceDirectory D:\GIT\Appium\JUnit_example\src\test\resources
2015-05-07 14:15:12,500 [Worker-16] INFO  o.e.m.c.i.embedder.EclipseLogger - Using 'UTF-8' encoding to copy filtered resources.
2015-05-07 14:15:12,501 [Worker-16] INFO  o.e.m.c.i.embedder.EclipseLogger - skip non existing resourceDirectory D:\GIT\Appium\JUnit_example\src\main\resources
2015-05-07 14:15:12,501 [Worker-16] INFO  o.e.m.c.i.embedder.EclipseLogger - Using 'UTF-8' encoding to copy filtered resources.
2015-05-07 14:15:12,501 [Worker-16] INFO  o.e.m.c.i.embedder.EclipseLogger - skip non existing resourceDirectory D:\GIT\Appium\JUnit_example\src\test\resources
2015-05-07 14:17:03,724 [Worker-1] INFO  o.e.m.c.i.embedder.EclipseLogger - Using 'UTF-8' encoding to copy filtered resources.
2015-05-07 14:17:03,724 [Worker-1] INFO  o.e.m.c.i.embedder.EclipseLogger - skip non existing resourceDirectory D:\GIT\Appium\JUnit_example\src\main\resources
2015-05-07 14:17:03,726 [Worker-1] INFO  o.e.m.c.i.embedder.EclipseLogger - Using 'UTF-8' encoding to copy filtered resources.
2015-05-07 14:17:03,726 [Worker-1] INFO  o.e.m.c.i.embedder.EclipseLogger - skip non existing resourceDirectory D:\GIT\Appium\JUnit_example\src\test\resources
